<?xml version="1.0" encoding="UTF-8"?>
<testng-results ignored="0" total="1" passed="1" failed="0" skipped="0">
  <reporter-output>
  </reporter-output>
  <suite started-at="2024-01-22T12:07:42 IST" name="Default suite" finished-at="2024-01-22T12:07:42 IST" duration-ms="116">
    <groups>
    </groups>
    <test started-at="2024-01-22T12:07:42 IST" name="Default test" finished-at="2024-01-22T12:07:42 IST" duration-ms="116">
      <class name="coreJava.PS1">
        <test-method signature="testRun()[pri:0, instance:coreJava.PS1@413d1baf]" started-at="2024-01-22T12:07:42 IST" name="testRun" finished-at="2024-01-22T12:07:42 IST" duration-ms="41" status="PASS">
          <reporter-output>
          </reporter-output>
        </test-method> <!-- testRun -->
      </class> <!-- coreJava.PS1 -->
    </test> <!-- Default test -->
  </suite> <!-- Default suite -->
</testng-results>
