<?xml version="1.0" encoding="UTF-8"?>
<!-- Generated by org.testng.reporters.JUnitXMLReporter -->
<testsuite ignored="0" hostname="LTIN305959" failures="0" tests="3" name="Default test" time="1.121" errors="0" timestamp="2024-05-21T12:54:01 IST">
  <testcase classname="excelDataProvider.dataProvide" name="testData" time="0.009"/>
  <testcase classname="excelDataProvider.dataProvide" name="testData" time="0.001"/>
  <testcase classname="excelDataProvider.dataProvide" name="testData" time="0.001"/>
</testsuite> <!-- Default test -->
