<?xml version="1.0" encoding="UTF-8"?>
<testng-results ignored="0" total="1" passed="1" failed="0" skipped="0">
  <reporter-output>
  </reporter-output>
  <suite started-at="2023-08-17T15:57:54 IST" name="Default suite" finished-at="2023-08-17T15:58:11 IST" duration-ms="16710">
    <groups>
    </groups>
    <test started-at="2023-08-17T15:57:54 IST" name="Default test" finished-at="2023-08-17T15:58:11 IST" duration-ms="16710">
      <class name="preethiAcademy.ExtentReports.Search">
        <test-method is-config="true" signature="setUp()[pri:0, instance:preethiAcademy.ExtentReports.Search@449a4f23]" started-at="2023-08-17T15:57:54 IST" name="setUp" finished-at="2023-08-17T15:57:59 IST" duration-ms="5007" status="PASS">
          <reporter-output>
          </reporter-output>
        </test-method> <!-- setUp -->
        <test-method signature="googleSearch()[pri:0, instance:preethiAcademy.ExtentReports.Search@449a4f23]" started-at="2023-08-17T15:57:59 IST" name="googleSearch" finished-at="2023-08-17T15:58:09 IST" duration-ms="9984" status="PASS">
          <reporter-output>
          </reporter-output>
        </test-method> <!-- googleSearch -->
        <test-method is-config="true" signature="close()[pri:0, instance:preethiAcademy.ExtentReports.Search@449a4f23]" started-at="2023-08-17T15:58:09 IST" name="close" finished-at="2023-08-17T15:58:11 IST" duration-ms="1657" status="PASS">
          <reporter-output>
          </reporter-output>
        </test-method> <!-- close -->
      </class> <!-- preethiAcademy.ExtentReports.Search -->
    </test> <!-- Default test -->
  </suite> <!-- Default suite -->
</testng-results>
