<?xml version="1.0" encoding="UTF-8"?>
<testng-results ignored="0" total="1" passed="1" failed="0" skipped="0">
  <reporter-output>
  </reporter-output>
  <suite started-at="2023-07-04T16:22:24 IST" name="Default suite" finished-at="2023-07-04T16:22:24 IST" duration-ms="66">
    <groups>
    </groups>
    <test started-at="2023-07-04T16:22:24 IST" name="Default test" finished-at="2023-07-04T16:22:24 IST" duration-ms="66">
      <class name="javaStreams.javaStreams">
        <test-method signature="streamCollect()[pri:0, instance:javaStreams.javaStreams@69997e9d]" started-at="2023-07-04T16:22:24 IST" name="streamCollect" finished-at="2023-07-04T16:22:24 IST" duration-ms="15" status="PASS">
          <reporter-output>
          </reporter-output>
        </test-method> <!-- streamCollect -->
      </class> <!-- javaStreams.javaStreams -->
    </test> <!-- Default test -->
  </suite> <!-- Default suite -->
</testng-results>
